2023-12-18 14:03:07 INFO Iteration: 0
2023-12-18 14:03:07 INFO Loss function attained: 29077.262638658096
2023-12-18 14:03:07 INFO Mean Absolute Error attained: 152.13348416289585
2023-12-18 14:03:07 INFO Slope: [ 0.60641739  0.87357153 -0.11096294 -0.24334195 -0.27808258  0.93878905
  0.03474788 -0.3202615  -0.19148799]
2023-12-18 14:03:07 INFO Iteration: 1
2023-12-18 14:03:07 INFO Loss function attained: 29077.33265903851
2023-12-18 14:03:07 INFO Mean Absolute Error attained: 152.13348416289588
2023-12-18 14:03:07 INFO Slope: [ 0.90825869  0.87319735 -0.10644448 -0.23962073 -0.27597539  0.93818361
  0.03178617 -0.31547476 -0.18830291]
2023-12-18 14:03:07 INFO Iteration: 2
2023-12-18 14:03:07 INFO Loss function attained: 29077.441283154716
2023-12-18 14:03:07 INFO Mean Absolute Error attained: 152.133484162896
2023-12-18 14:03:07 INFO Slope: [ 1.20889262  0.8728239  -0.1019351  -0.23590699 -0.27387245  0.93757936
  0.02883042 -0.31069765 -0.18512424]
2023-12-18 14:03:07 INFO Iteration: 3
2023-12-18 14:03:07 INFO Loss function attained: 29077.577891374814
2023-12-18 14:03:07 INFO Mean Absolute Error attained: 152.1334841628959
2023-12-18 14:03:07 INFO Slope: [ 1.50832402  0.87245118 -0.09743479 -0.23220073 -0.27177374  0.93697628
  0.02588061 -0.30593015 -0.18195198]
2023-12-18 14:03:07 INFO Iteration: 4
2023-12-18 14:03:07 INFO Loss function attained: 29077.734409427587
2023-12-18 14:03:07 INFO Mean Absolute Error attained: 152.1334841628959
2023-12-18 14:03:07 INFO Slope: [ 1.80655769  0.87207918 -0.09294353 -0.22850192 -0.26967927  0.93637438
  0.02293674 -0.30117223 -0.1787861 ]
2023-12-18 14:03:07 INFO Iteration: 5
2023-12-18 14:03:07 INFO Loss function attained: 29077.905065160183
2023-12-18 14:03:07 INFO Mean Absolute Error attained: 152.1334841628959
2023-12-18 14:03:07 INFO Slope: [ 2.10359843  0.8717079  -0.08846129 -0.22481055 -0.26758901  0.93577366
  0.01999879 -0.29642388 -0.17562661]
2023-12-18 14:03:07 INFO Iteration: 6
2023-12-18 14:03:07 INFO Loss function attained: 29078.08582010455
2023-12-18 14:03:07 INFO Mean Absolute Error attained: 152.13348416289597
2023-12-18 14:03:07 INFO Slope: [ 2.39945101  0.87133734 -0.08398807 -0.2211266  -0.26550296  0.93517411
  0.01706675 -0.29168508 -0.17247347]
2023-12-18 14:03:07 INFO Iteration: 7
2023-12-18 14:03:07 INFO Loss function attained: 29078.27385000253
2023-12-18 14:03:07 INFO Mean Absolute Error attained: 152.1334841628959
2023-12-18 14:03:07 INFO Slope: [ 2.69412017  0.87096751 -0.07952385 -0.21745006 -0.26342112  0.93457573
  0.01414061 -0.28695581 -0.16932669]
2023-12-18 14:03:07 INFO Iteration: 8
2023-12-18 14:03:07 INFO Loss function attained: 29078.467159804633
2023-12-18 14:03:07 INFO Mean Absolute Error attained: 152.1334841628959
2023-12-18 14:03:07 INFO Slope: [ 2.98761066  0.8705984  -0.0750686  -0.21378092 -0.26134347  0.93397853
  0.01122036 -0.28223605 -0.16618624]
2023-12-18 14:03:07 INFO Iteration: 9
2023-12-18 14:03:07 INFO Loss function attained: 29078.664319249452
2023-12-18 14:03:07 INFO Mean Absolute Error attained: 152.13348416289588
2023-12-18 14:03:07 INFO Slope: [ 3.27992718  0.87023    -0.07062231 -0.21011917 -0.25927001  0.93338249
  0.00830598 -0.27752579 -0.16305211]
2023-12-18 14:03:07 INFO Iteration: 10
2023-12-18 14:03:07 INFO Loss function attained: 29078.86428597697
2023-12-18 14:03:07 INFO Mean Absolute Error attained: 152.13348416289588
2023-12-18 14:03:07 INFO Slope: [ 3.57107444  0.86986232 -0.06618496 -0.20646477 -0.25720072  0.93278761
  0.00539747 -0.27282499 -0.1599243 ]
2023-12-18 14:03:07 INFO Iteration: 11
2023-12-18 14:03:07 INFO Loss function attained: 29079.066287649646
2023-12-18 14:03:07 INFO Mean Absolute Error attained: 152.1334841628961
2023-12-18 14:03:07 INFO Slope: [ 3.86105711e+00  8.69495351e-01 -6.17565363e-02 -2.02817728e-01
 -2.55135606e-01  9.32193898e-01  2.49480906e-03 -2.68133653e-01
 -1.56802791e-01]
2023-12-18 14:03:07 INFO Iteration: 12
2023-12-18 14:03:07 INFO Loss function attained: 29079.269742844543
2023-12-18 14:03:07 INFO Mean Absolute Error attained: 152.13348416289597
2023-12-18 14:03:07 INFO Slope: [ 4.14987985e+00  8.69129099e-01 -5.73370140e-02 -1.99178020e-01
 -2.53074650e-01  9.31601346e-01 -4.02012334e-04 -2.63451747e-01
 -1.53687566e-01]
2023-12-18 14:03:07 INFO Iteration: 13
2023-12-18 14:03:07 INFO Loss function attained: 29079.474207311396
2023-12-18 14:03:07 INFO Mean Absolute Error attained: 152.13348416289597
2023-12-18 14:03:07 INFO Slope: [ 4.43754730e+00  8.68763558e-01 -5.29263783e-02 -1.95545634e-01
 -2.51017846e-01  9.31009952e-01 -3.29300553e-03 -2.58779258e-01
 -1.50578615e-01]
2023-12-18 14:03:07 INFO Iteration: 14
2023-12-18 14:03:07 INFO Loss function attained: 29079.679336929785
2023-12-18 14:03:07 INFO Mean Absolute Error attained: 152.1334841628959
2023-12-18 14:03:07 INFO Slope: [ 4.72406408  0.86839873 -0.04852461 -0.19192055 -0.24896519  0.93041971
 -0.00617818 -0.25411616 -0.14747592]
2023-12-18 14:03:07 INFO Iteration: 15
2023-12-18 14:03:07 INFO Loss function attained: 29079.88486178215
2023-12-18 14:03:07 INFO Mean Absolute Error attained: 152.1334841628958
2023-12-18 14:03:07 INFO Slope: [ 5.00943479  0.86803461 -0.0441317  -0.18830277 -0.24691666  0.92983063
 -0.00905755 -0.24946245 -0.14437948]
2023-12-18 14:03:07 INFO Iteration: 16
2023-12-18 14:03:07 INFO Loss function attained: 29080.090567729294
2023-12-18 14:03:07 INFO Mean Absolute Error attained: 152.1334841628959
2023-12-18 14:03:07 INFO Slope: [ 5.29366402  0.8676712  -0.03974761 -0.18469226 -0.24487226  0.9292427
 -0.01193113 -0.24481809 -0.14128928]
2023-12-18 14:03:07 INFO Iteration: 17
2023-12-18 14:03:07 INFO Loss function attained: 29080.29628312138
2023-12-18 14:03:07 INFO Mean Absolute Error attained: 152.13348416289605
2023-12-18 14:03:07 INFO Slope: [ 5.57675633  0.86730849 -0.03537234 -0.18108901 -0.24283199  0.92865591
 -0.01479893 -0.24018308 -0.1382053 ]
2023-12-18 14:03:07 INFO Iteration: 18
2023-12-18 14:03:07 INFO Loss function attained: 29080.501869078176
2023-12-18 14:03:07 INFO Mean Absolute Error attained: 152.1334841628959
2023-12-18 14:03:07 INFO Slope: [ 5.85871628  0.86694649 -0.03100587 -0.17749301 -0.24079582  0.92807028
 -0.01766096 -0.23555738 -0.13512753]
2023-12-18 14:03:07 INFO Iteration: 19
2023-12-18 14:03:07 INFO Loss function attained: 29080.7072122843
2023-12-18 14:03:07 INFO Mean Absolute Error attained: 152.13348416289588
2023-12-18 14:03:07 INFO Slope: [ 6.13954838  0.86658519 -0.02664818 -0.17390424 -0.23876375  0.92748578
 -0.02051723 -0.23094099 -0.13205595]
2023-12-18 14:03:07 INFO Iteration: 20
2023-12-18 14:03:07 INFO Loss function attained: 29080.91221958166
2023-12-18 14:03:07 INFO Mean Absolute Error attained: 152.13348416289605
2023-12-18 14:03:07 INFO Slope: [ 6.41925716  0.8662246  -0.02229926 -0.17032269 -0.23673578  0.92690243
 -0.02336775 -0.22633388 -0.12899057]
2023-12-18 14:03:07 INFO Iteration: 21
2023-12-18 14:03:07 INFO Loss function attained: 29081.116813863417
2023-12-18 14:03:07 INFO Mean Absolute Error attained: 152.1334841628959
2023-12-18 14:03:07 INFO Slope: [ 6.6978471   0.86586471 -0.01795907 -0.16674835 -0.23471189  0.92632022
 -0.02621254 -0.22173604 -0.12593136]
2023-12-18 14:03:07 INFO Iteration: 22
2023-12-18 14:03:07 INFO Loss function attained: 29081.320930921458
2023-12-18 14:03:07 INFO Mean Absolute Error attained: 152.133484162896
2023-12-18 14:03:07 INFO Slope: [ 6.97532268  0.86550551 -0.01362762 -0.16318119 -0.23269209  0.92573915
 -0.0290516  -0.21714744 -0.1228783 ]
2023-12-18 14:03:07 INFO Iteration: 23
2023-12-18 14:03:07 INFO Loss function attained: 29081.524517001933
2023-12-18 14:03:07 INFO Mean Absolute Error attained: 152.1334841628958
2023-12-18 14:03:07 INFO Slope: [ 7.25168835  0.86514702 -0.00930487 -0.15962121 -0.23067635  0.92515921
 -0.03188495 -0.21256807 -0.1198314 ]
2023-12-18 14:03:07 INFO Iteration: 24
2023-12-18 14:03:07 INFO Loss function attained: 29081.72752689082
2023-12-18 14:03:07 INFO Mean Absolute Error attained: 152.13348416289597
2023-12-18 14:03:07 INFO Slope: [ 7.52694857e+00  8.64789219e-01 -4.99081744e-03 -1.56068392e-01
 -2.28664669e-01  9.24580410e-01 -3.47126063e-02 -2.07997916e-01
 -1.16790635e-01]
2023-12-18 14:03:07 INFO Iteration: 25
2023-12-18 14:03:07 INFO Loss function attained: 29081.9299224016
2023-12-18 14:03:07 INFO Mean Absolute Error attained: 152.13348416289585
2023-12-18 14:03:07 INFO Slope: [ 7.80110774e+00  8.64432117e-01 -6.85437582e-04 -1.52522720e-01
 -2.26657044e-01  9.24002738e-01 -3.75345690e-02 -2.03436948e-01
 -1.13755992e-01]
2023-12-18 14:03:07 INFO Iteration: 26
2023-12-18 14:03:07 INFO Loss function attained: 29082.131671170657
2023-12-18 14:03:07 INFO Mean Absolute Error attained: 152.13348416289605
2023-12-18 14:03:07 INFO Slope: [ 8.07417028e+00  8.64075709e-01  3.61128517e-03 -1.48984180e-01
 -2.24653464e-01  9.23426195e-01 -4.03508541e-02 -1.98885153e-01
 -1.10727462e-01]
2023-12-18 14:03:07 INFO Iteration: 27
2023-12-18 14:03:07 INFO Loss function attained: 29082.332745689964
2023-12-18 14:03:07 INFO Mean Absolute Error attained: 152.13348416289614
2023-12-18 14:03:07 INFO Slope: [ 8.34614057e+00  8.63719995e-01  7.89936823e-03 -1.45452757e-01
 -2.22653921e-01  9.22850779e-01 -4.31614731e-02 -1.94342511e-01
 -1.07705030e-01]
2023-12-18 14:03:07 INFO Iteration: 28
2023-12-18 14:03:07 INFO Loss function attained: 29082.533122524925
2023-12-18 14:03:07 INFO Mean Absolute Error attained: 152.13348416289594
2023-12-18 14:03:07 INFO Slope: [ 8.61702297  0.86336497  0.01217883 -0.14192844 -0.22065841  0.92227649
 -0.04596644 -0.18980901 -0.10468869]
2023-12-18 14:03:07 INFO Iteration: 29
2023-12-18 14:03:07 INFO Loss function attained: 29082.732781677085
2023-12-18 14:03:07 INFO Mean Absolute Error attained: 152.13348416289594
2023-12-18 14:03:07 INFO Slope: [ 8.88682185  0.86301064  0.01644968 -0.13841121 -0.21866691  0.92170332
 -0.04876576 -0.18528462 -0.10167842]
2023-12-18 14:03:07 INFO Iteration: 30
2023-12-18 14:03:07 INFO Loss function attained: 29082.93170606204
2023-12-18 14:03:07 INFO Mean Absolute Error attained: 152.13348416289597
2023-12-18 14:03:07 INFO Slope: [ 9.15554153  0.86265699  0.02071195 -0.13490105 -0.21667943  0.92113127
 -0.05155945 -0.18076933 -0.09867421]
2023-12-18 14:03:07 INFO Iteration: 31
2023-12-18 14:03:07 INFO Loss function attained: 29083.129881078956
2023-12-18 14:03:07 INFO Mean Absolute Error attained: 152.1334841628959
2023-12-18 14:03:07 INFO Slope: [ 9.42318633  0.86230404  0.02496565 -0.13139796 -0.21469595  0.92056034
 -0.05434751 -0.17626312 -0.09567605]
2023-12-18 14:03:07 INFO Iteration: 32
2023-12-18 14:03:07 INFO Loss function attained: 29083.3272942528
2023-12-18 14:03:07 INFO Mean Absolute Error attained: 152.13348416289594
2023-12-18 14:03:07 INFO Slope: [ 9.68976055  0.86195177  0.02921079 -0.12790191 -0.21271647  0.91999052
 -0.05712997 -0.17176597 -0.09268393]
2023-12-18 14:03:07 INFO Iteration: 33
2023-12-18 14:03:07 INFO Loss function attained: 29083.523934937
2023-12-18 14:03:07 INFO Mean Absolute Error attained: 152.13348416289597
2023-12-18 14:03:07 INFO Slope: [ 9.95526848  0.86160018  0.0334474  -0.12441289 -0.21074097  0.91942182
 -0.05990683 -0.16727787 -0.08969784]
2023-12-18 14:03:07 INFO Iteration: 34
2023-12-18 14:03:07 INFO Loss function attained: 29083.719794063458
2023-12-18 14:03:07 INFO Mean Absolute Error attained: 152.13348416289594
2023-12-18 14:03:07 INFO Slope: [10.21971438  0.86124928  0.03767549 -0.1209309  -0.20876946  0.91885423
 -0.06267811 -0.16279879 -0.08671776]
2023-12-18 14:03:07 INFO Iteration: 35
2023-12-18 14:03:07 INFO Loss function attained: 29083.91486393212
2023-12-18 14:03:07 INFO Mean Absolute Error attained: 152.133484162896
2023-12-18 14:03:07 INFO Slope: [10.48310249  0.86089906  0.04189508 -0.1174559  -0.20680192  0.91828775
 -0.06544381 -0.15832872 -0.08374369]
2023-12-18 14:03:07 INFO Iteration: 36
2023-12-18 14:03:07 INFO Loss function attained: 29084.109138032993
2023-12-18 14:03:07 INFO Mean Absolute Error attained: 152.13348416289588
2023-12-18 14:03:07 INFO Slope: [10.74543704  0.86054953  0.04610618 -0.1139879  -0.20483834  0.91772238
 -0.06820394 -0.15386764 -0.0807756 ]
2023-12-18 14:03:07 INFO Iteration: 37
2023-12-18 14:03:07 INFO Loss function attained: 29084.302610894847
2023-12-18 14:03:07 INFO Mean Absolute Error attained: 152.13348416289597
2023-12-18 14:03:07 INFO Slope: [11.00672226  0.86020067  0.05030882 -0.11052687 -0.20287872  0.91715811
 -0.07095852 -0.14941554 -0.07781349]
2023-12-18 14:03:07 INFO Iteration: 38
2023-12-18 14:03:07 INFO Loss function attained: 29084.49527795605
2023-12-18 14:03:07 INFO Mean Absolute Error attained: 152.13348416289588
2023-12-18 14:03:07 INFO Slope: [11.26696234  0.85985249  0.05450301 -0.1070728  -0.20092305  0.91659495
 -0.07370756 -0.14497238 -0.07485735]
2023-12-18 14:03:07 INFO Iteration: 39
2023-12-18 14:03:07 INFO Loss function attained: 29084.68713545371
2023-12-18 14:03:07 INFO Mean Absolute Error attained: 152.1334841628959
2023-12-18 14:03:07 INFO Slope: [11.52616146  0.85950498  0.05868876 -0.10362568 -0.19897131  0.91603288
 -0.07645107 -0.14053816 -0.07190716]
2023-12-18 14:03:07 INFO Iteration: 40
2023-12-18 14:03:07 INFO Loss function attained: 29084.87818032876
2023-12-18 14:03:07 INFO Mean Absolute Error attained: 152.13348416289597
2023-12-18 14:03:07 INFO Slope: [11.78432379  0.85915816  0.06286609 -0.1001855  -0.19702351  0.91547192
 -0.07918905 -0.13611286 -0.06896291]
2023-12-18 14:03:07 INFO Iteration: 41
2023-12-18 14:03:07 INFO Loss function attained: 29085.06841014359
2023-12-18 14:03:07 INFO Mean Absolute Error attained: 152.1334841628959
2023-12-18 14:03:07 INFO Slope: [12.04145346  0.858812    0.06703503 -0.09675223 -0.19507963  0.91491205
 -0.08192153 -0.13169646 -0.06602459]
2023-12-18 14:03:07 INFO Iteration: 42
2023-12-18 14:03:07 INFO Loss function attained: 29085.257823010706
2023-12-18 14:03:07 INFO Mean Absolute Error attained: 152.13348416289577
2023-12-18 14:03:07 INFO Slope: [12.29755461  0.85846652  0.07119558 -0.09332587 -0.19313967  0.91435327
 -0.08464852 -0.12728894 -0.06309219]
2023-12-18 14:03:07 INFO Iteration: 43
2023-12-18 14:03:07 INFO Loss function attained: 29085.446417531326
2023-12-18 14:03:07 INFO Mean Absolute Error attained: 152.13348416289597
2023-12-18 14:03:07 INFO Slope: [12.55263136  0.85812172  0.07534777 -0.08990641 -0.19120362  0.91379559
 -0.08737001 -0.12289029 -0.06016569]
2023-12-18 14:03:07 INFO Iteration: 44
2023-12-18 14:03:07 INFO Loss function attained: 29085.63419274092
2023-12-18 14:03:07 INFO Mean Absolute Error attained: 152.133484162896
2023-12-18 14:03:07 INFO Slope: [12.80668781  0.85777758  0.07949161 -0.08649382 -0.18927147  0.913239
 -0.09008603 -0.11850048 -0.05724509]
2023-12-18 14:03:07 INFO Iteration: 45
2023-12-18 14:03:07 INFO Loss function attained: 29085.821148062325
2023-12-18 14:03:07 INFO Mean Absolute Error attained: 152.13348416289585
2023-12-18 14:03:07 INFO Slope: [13.05972802  0.85743411  0.08362711 -0.08308809 -0.18734321  0.91268349
 -0.09279659 -0.11411949 -0.05433037]
2023-12-18 14:03:07 INFO Iteration: 46
2023-12-18 14:03:07 INFO Loss function attained: 29086.007283264407
2023-12-18 14:03:07 INFO Mean Absolute Error attained: 152.13348416289594
2023-12-18 14:03:07 INFO Slope: [13.31175608  0.85709131  0.0877543  -0.07968922 -0.18541883  0.91212907
 -0.09550169 -0.10974732 -0.05142152]
2023-12-18 14:03:07 INFO Iteration: 47
2023-12-18 14:03:07 INFO Loss function attained: 29086.19259842569
2023-12-18 14:03:07 INFO Mean Absolute Error attained: 152.13348416289597
2023-12-18 14:03:07 INFO Slope: [13.56277602  0.85674918  0.09187319 -0.07629718 -0.18349834  0.91157573
 -0.09820135 -0.10538395 -0.04851853]
2023-12-18 14:03:07 INFO Iteration: 48
2023-12-18 14:03:07 INFO Loss function attained: 29086.377093901992
2023-12-18 14:03:07 INFO Mean Absolute Error attained: 152.133484162896
2023-12-18 14:03:07 INFO Slope: [13.81279189  0.85640771  0.0959838  -0.07291197 -0.18158171  0.91102348
 -0.10089557 -0.10102934 -0.04562138]
2023-12-18 14:03:07 INFO Iteration: 49
2023-12-18 14:03:07 INFO Loss function attained: 29086.56077029869
2023-12-18 14:03:07 INFO Mean Absolute Error attained: 152.13348416289588
2023-12-18 14:03:07 INFO Slope: [14.06180769  0.8560669   0.10008615 -0.06953356 -0.17966894  0.9104723
 -0.10358438 -0.0966835  -0.04273007]
2023-12-18 14:03:07 INFO Iteration: 50
2023-12-18 14:03:07 INFO Loss function attained: 29086.743628444983
2023-12-18 14:03:07 INFO Mean Absolute Error attained: 152.1334841628959
2023-12-18 14:03:07 INFO Slope: [14.30982743  0.85572676  0.10418024 -0.06616195 -0.17776003  0.90992221
 -0.10626778 -0.09234639 -0.03984458]
2023-12-18 14:03:07 INFO Iteration: 51
2023-12-18 14:03:07 INFO Loss function attained: 29086.925669372144
2023-12-18 14:03:07 INFO Mean Absolute Error attained: 152.13348416289588
2023-12-18 14:03:07 INFO Slope: [14.55685508  0.85538728  0.1082661  -0.06279712 -0.17585496  0.90937318
 -0.10894578 -0.08801801 -0.03696491]
2023-12-18 14:03:07 INFO Iteration: 52
2023-12-18 14:03:07 INFO Loss function attained: 29087.106894293214
2023-12-18 14:03:07 INFO Mean Absolute Error attained: 152.1334841628959
2023-12-18 14:03:07 INFO Slope: [14.80289463  0.85504846  0.11234375 -0.05943906 -0.17395373  0.90882523
 -0.11161839 -0.08369833 -0.03409103]
2023-12-18 14:03:07 INFO Iteration: 53
2023-12-18 14:03:07 INFO Loss function attained: 29087.287304585618
2023-12-18 14:03:07 INFO Mean Absolute Error attained: 152.13348416289614
2023-12-18 14:03:07 INFO Slope: [15.04795002  0.8547103   0.1164132  -0.05608776 -0.17205634  0.90827836
 -0.11428562 -0.07938734 -0.03122294]
2023-12-18 14:03:07 INFO Iteration: 54
2023-12-18 14:03:07 INFO Loss function attained: 29087.466901775315
2023-12-18 14:03:07 INFO Mean Absolute Error attained: 152.1334841628959
2023-12-18 14:03:07 INFO Slope: [15.29202519  0.85437279  0.12047446 -0.05274319 -0.17016276  0.90773255
 -0.11694749 -0.07508501 -0.02836063]
2023-12-18 14:03:07 INFO Iteration: 55
2023-12-18 14:03:07 INFO Loss function attained: 29087.645687522527
2023-12-18 14:03:07 INFO Mean Absolute Error attained: 152.13348416289597
2023-12-18 14:03:07 INFO Slope: [15.53512406  0.85403595  0.12452756 -0.04940536 -0.168273    0.9071878
 -0.119604   -0.07079134 -0.02550408]
2023-12-18 14:03:07 INFO Iteration: 56
2023-12-18 14:03:07 INFO Loss function attained: 29087.823663608975
2023-12-18 14:03:07 INFO Mean Absolute Error attained: 152.133484162896
2023-12-18 14:03:07 INFO Slope: [15.77725053  0.85369975  0.12857251 -0.04607424 -0.16638705  0.90664413
 -0.12225517 -0.06650631 -0.02265329]
2023-12-18 14:03:07 INFO Iteration: 57
2023-12-18 14:03:07 INFO Loss function attained: 29088.000831926754
2023-12-18 14:03:07 INFO Mean Absolute Error attained: 152.133484162896
2023-12-18 14:03:07 INFO Slope: [16.0184085   0.85336422  0.13260933 -0.04274981 -0.16450489  0.90610151
 -0.124901   -0.06222989 -0.01980823]
2023-12-18 14:03:07 INFO Iteration: 58
2023-12-18 14:03:07 INFO Loss function attained: 29088.177194467717
2023-12-18 14:03:07 INFO Mean Absolute Error attained: 152.13348416289585
2023-12-18 14:03:07 INFO Slope: [16.25860183  0.85302933  0.13663803 -0.03943208 -0.16262653  0.90555996
 -0.12754151 -0.05796208 -0.01696891]
2023-12-18 14:03:07 INFO Iteration: 59
2023-12-18 14:03:07 INFO Loss function attained: 29088.352753314335
2023-12-18 14:03:07 INFO Mean Absolute Error attained: 152.13348416289594
2023-12-18 14:03:07 INFO Slope: [ 1.64978344e+01  8.52695093e-01  1.40658624e-01 -3.61210180e-02
 -1.60751954e-01  9.05019459e-01 -1.30176710e-01 -5.37028417e-02
 -1.41353057e-02]
2023-12-18 14:03:07 INFO Iteration: 60
2023-12-18 14:03:07 INFO Loss function attained: 29088.527510631346
2023-12-18 14:03:07 INFO Mean Absolute Error attained: 152.1334841628959
2023-12-18 14:03:07 INFO Slope: [ 1.67361100e+01  8.52361508e-01  1.44671138e-01 -3.28166168e-02
 -1.58881153e-01  9.04480019e-01 -1.32806606e-01 -4.94521733e-02
 -1.13074070e-02]
2023-12-18 14:03:07 INFO Iteration: 61
2023-12-18 14:03:07 INFO Loss function attained: 29088.701468658168
2023-12-18 14:03:07 INFO Mean Absolute Error attained: 152.13348416289608
2023-12-18 14:03:07 INFO Slope: [ 1.69734326e+01  8.52028571e-01  1.48675583e-01 -2.95188624e-02
 -1.57014122e-01  9.03941633e-01 -1.35431210e-01 -4.52100532e-02
 -8.48520370e-03]
2023-12-18 14:03:07 INFO Iteration: 62
2023-12-18 14:03:07 INFO Loss function attained: 29088.874629701884
2023-12-18 14:03:07 INFO Mean Absolute Error attained: 152.13348416289594
2023-12-18 14:03:07 INFO Slope: [ 1.72098058e+01  8.51696282e-01  1.52671976e-01 -2.62277412e-02
 -1.55150852e-01  9.03404300e-01 -1.38050534e-01 -4.09764644e-02
 -5.66868417e-03]
2023-12-18 14:03:07 INFO Iteration: 63
2023-12-18 14:03:07 INFO Loss function attained: 29089.04699613121
2023-12-18 14:03:07 INFO Mean Absolute Error attained: 152.1334841628959
2023-12-18 14:03:07 INFO Slope: [ 1.74452335e+01  8.51364639e-01  1.56660333e-01 -2.29432401e-02
 -1.53291336e-01  9.02868017e-01 -1.40664588e-01 -3.67513896e-02
 -2.85783699e-03]
2023-12-18 14:03:07 INFO Iteration: 64
2023-12-18 14:03:07 INFO Loss function attained: 29089.21857037057
2023-12-18 14:03:07 INFO Mean Absolute Error attained: 152.1334841628959
2023-12-18 14:03:07 INFO Slope: [ 1.76797196e+01  8.51033641e-01  1.60640671e-01 -1.96653456e-02
 -1.51435566e-01  9.02332782e-01 -1.43273383e-01 -3.25348118e-02
 -5.26507456e-05]
2023-12-18 14:03:07 INFO Iteration: 65
2023-12-18 14:03:07 INFO Loss function attained: 29089.38935489517
2023-12-18 14:03:07 INFO Mean Absolute Error attained: 152.1334841628962
2023-12-18 14:03:07 INFO Slope: [ 1.79132677e+01  8.50703286e-01  1.64613005e-01 -1.63940446e-02
 -1.49583535e-01  9.01798593e-01 -1.45876929e-01 -2.83267139e-02
  2.74688597e-03]
2023-12-18 14:03:07 INFO Iteration: 66
2023-12-18 14:03:07 INFO Loss function attained: 29089.559352226213
2023-12-18 14:03:07 INFO Mean Absolute Error attained: 152.13348416289605
2023-12-18 14:03:07 INFO Slope: [ 1.81458816e+01  8.50373574e-01  1.68577352e-01 -1.31293237e-02
 -1.47735236e-01  9.01265449e-01 -1.48475237e-01 -2.41270787e-02
  5.54078452e-03]
2023-12-18 14:03:07 INFO Iteration: 67
2023-12-18 14:03:07 INFO Loss function attained: 29089.728564926485
2023-12-18 14:03:07 INFO Mean Absolute Error attained: 152.1334841628959
2023-12-18 14:03:07 INFO Slope: [ 1.83775650e+01  8.50044503e-01  1.72533727e-01 -9.87116970e-03
 -1.45890660e-01  9.00733346e-01 -1.51068318e-01 -1.99358894e-02
  8.32905628e-03]
2023-12-18 14:03:07 INFO Iteration: 68
2023-12-18 14:03:07 INFO Loss function attained: 29089.896995596504
2023-12-18 14:03:07 INFO Mean Absolute Error attained: 152.133484162896
2023-12-18 14:03:07 INFO Slope: [ 1.86083217e+01  8.49716072e-01  1.76482147e-01 -6.61956939e-03
 -1.44049801e-01  9.00202284e-01 -1.53656181e-01 -1.57531288e-02
  1.11117126e-02]
2023-12-18 14:03:07 INFO Iteration: 69
2023-12-18 14:03:07 INFO Loss function attained: 29090.06464687108
2023-12-18 14:03:07 INFO Mean Absolute Error attained: 152.13348416289594
2023-12-18 14:03:07 INFO Slope: [ 1.88381554e+01  8.49388279e-01  1.80422628e-01 -3.37450959e-03
 -1.42212650e-01  8.99672259e-01 -1.56238837e-01 -1.15787801e-02
  1.38887647e-02]
2023-12-18 14:03:07 INFO Iteration: 70
2023-12-18 14:03:07 INFO Loss function attained: 29090.2315214158
2023-12-18 14:03:07 INFO Mean Absolute Error attained: 152.1334841628959
2023-12-18 14:03:07 INFO Slope: [ 1.90670697e+01  8.49061124e-01  1.84355185e-01 -1.35977142e-04
 -1.40379201e-01  8.99143270e-01 -1.58816298e-01 -7.41282638e-03
  1.66602240e-02]
2023-12-18 14:03:07 INFO Iteration: 71
2023-12-18 14:03:07 INFO Loss function attained: 29090.39762192404
2023-12-18 14:03:07 INFO Mean Absolute Error attained: 152.13348416289594
2023-12-18 14:03:07 INFO Slope: [ 1.92950684e+01  8.48734606e-01  1.88279835e-01  3.09604108e-03
 -1.38549445e-01  8.98615316e-01 -1.61388573e-01 -3.25525067e-03
  1.94261016e-02]
2023-12-18 14:03:07 INFO Iteration: 72
2023-12-18 14:03:07 INFO Loss function attained: 29090.562951114396
2023-12-18 14:03:07 INFO Mean Absolute Error attained: 152.13348416289597
2023-12-18 14:03:07 INFO Slope: [ 1.95221551e+01  8.48408722e-01  1.92196594e-01  6.32155818e-03
 -1.36723376e-01  8.98088393e-01 -1.63955673e-01  8.93963828e-04
  2.21864089e-02]
2023-12-18 14:03:07 INFO Iteration: 73
2023-12-18 14:03:07 INFO Loss function attained: 29090.72751172786
2023-12-18 14:03:07 INFO Mean Absolute Error attained: 152.1334841628959
2023-12-18 14:03:07 INFO Slope: [ 1.97483335e+01  8.48083472e-01  1.96105476e-01  9.54058724e-03
 -1.34900986e-01  8.97562501e-01 -1.66517607e-01  5.03483394e-03
  2.49411570e-02]
2023-12-18 14:03:07 INFO Iteration: 74
2023-12-18 14:03:07 INFO Loss function attained: 29090.89130652562
2023-12-18 14:03:07 INFO Mean Absolute Error attained: 152.1334841628958
2023-12-18 14:03:07 INFO Slope: [ 1.99736071e+01  8.47758854e-01  2.00006499e-01  1.27531413e-02
 -1.33082267e-01  8.97037636e-01 -1.69074388e-01  9.16737644e-03
  2.76903572e-02]
2023-12-18 14:03:07 INFO Iteration: 75
2023-12-18 14:03:07 INFO Loss function attained: 29091.054338287053
2023-12-18 14:03:07 INFO Mean Absolute Error attained: 152.13348416289605
2023-12-18 14:03:07 INFO Slope: [ 2.01979796e+01  8.47434867e-01  2.03899678e-01  1.59592334e-02
 -1.31267213e-01  8.96513797e-01 -1.71626024e-01  1.32916081e-02
  3.04340206e-02]
2023-12-18 14:03:07 INFO Iteration: 76
2023-12-18 14:03:07 INFO Loss function attained: 29091.216609807365
2023-12-18 14:03:07 INFO Mean Absolute Error attained: 152.13348416289585
2023-12-18 14:03:07 INFO Slope: [ 2.04214547e+01  8.47111511e-01  2.07785028e-01  1.91588765e-02
 -1.29455816e-01  8.95990982e-01 -1.74172527e-01  1.74075456e-02
  3.31721584e-02]
2023-12-18 14:03:07 INFO Iteration: 77
2023-12-18 14:03:07 INFO Loss function attained: 29091.37812389614
2023-12-18 14:03:07 INFO Mean Absolute Error attained: 152.13348416289597
2023-12-18 14:03:07 INFO Slope: [20.64403584  0.84678878  0.21166257  0.02235208 -0.12764807  0.89546919
 -0.17671391  0.02151521  0.03590478]
2023-12-18 14:03:07 INFO Iteration: 78
2023-12-18 14:03:07 INFO Loss function attained: 29091.538883375386
2023-12-18 14:03:07 INFO Mean Absolute Error attained: 152.13348416289585
2023-12-18 14:03:07 INFO Slope: [20.86572667  0.84646668  0.21553231  0.02553887 -0.12584396  0.89494842
 -0.17925017  0.0256146   0.0386319 ]
2023-12-18 14:03:07 INFO Iteration: 79
2023-12-18 14:03:07 INFO Loss function attained: 29091.69889107814
2023-12-18 14:03:07 INFO Mean Absolute Error attained: 152.133484162896
2023-12-18 14:03:07 INFO Slope: [21.08653073  0.84614521  0.21939427  0.02871924 -0.12404349  0.89442866
 -0.18178134  0.02970576  0.04135353]
2023-12-18 14:03:07 INFO Iteration: 80
2023-12-18 14:03:07 INFO Loss function attained: 29091.858149846863
2023-12-18 14:03:07 INFO Mean Absolute Error attained: 152.13348416289594
2023-12-18 14:03:07 INFO Slope: [21.30645157  0.84582436  0.22324846  0.03189322 -0.12224665  0.89390992
 -0.18430741  0.03378869  0.04406968]
2023-12-18 14:03:07 INFO Iteration: 81
2023-12-18 14:03:07 INFO Loss function attained: 29092.016662532256
2023-12-18 14:03:07 INFO Mean Absolute Error attained: 152.13348416289594
2023-12-18 14:03:07 INFO Slope: [21.52549273  0.84550414  0.22709491  0.03506081 -0.12045342  0.8933922
 -0.18682839  0.0378634   0.04678035]
2023-12-18 14:03:07 INFO Iteration: 82
2023-12-18 14:03:07 INFO Loss function attained: 29092.174431991916
2023-12-18 14:03:07 INFO Mean Absolute Error attained: 152.13348416289588
2023-12-18 14:03:07 INFO Slope: [21.74365773  0.84518453  0.23093362  0.03822203 -0.11866381  0.89287548
 -0.18934431  0.04192993  0.04948557]
2023-12-18 14:03:07 INFO Iteration: 83
2023-12-18 14:03:07 INFO Loss function attained: 29092.331461089252
2023-12-18 14:03:07 INFO Mean Absolute Error attained: 152.133484162896
2023-12-18 14:03:07 INFO Slope: [21.96095007  0.84486555  0.23476461  0.04137689 -0.11687781  0.89235978
 -0.19185517  0.04598827  0.05218534]
2023-12-18 14:03:07 INFO Iteration: 84
2023-12-18 14:03:07 INFO Loss function attained: 29092.487752692454
2023-12-18 14:03:07 INFO Mean Absolute Error attained: 152.13348416289594
2023-12-18 14:03:07 INFO Slope: [22.17737324  0.84454719  0.2385879   0.04452541 -0.1150954   0.89184508
 -0.19436097  0.05003845  0.05487967]
2023-12-18 14:03:07 INFO Iteration: 85
2023-12-18 14:03:07 INFO Loss function attained: 29092.6433096733
2023-12-18 14:03:07 INFO Mean Absolute Error attained: 152.13348416289594
2023-12-18 14:03:07 INFO Slope: [22.39293071  0.84422945  0.2424035   0.04766759 -0.11331658  0.89133139
 -0.19686173  0.05408049  0.05756857]
2023-12-18 14:03:07 INFO Iteration: 86
2023-12-18 14:03:07 INFO Loss function attained: 29092.79813490645
2023-12-18 14:03:07 INFO Mean Absolute Error attained: 152.133484162896
2023-12-18 14:03:07 INFO Slope: [22.60762596  0.84391233  0.24621143  0.05080346 -0.11154135  0.89081871
 -0.19935746  0.0581144   0.06025206]
2023-12-18 14:03:07 INFO Iteration: 87
2023-12-18 14:03:07 INFO Loss function attained: 29092.95223126859
2023-12-18 14:03:07 INFO Mean Absolute Error attained: 152.13348416289605
2023-12-18 14:03:07 INFO Slope: [22.82146242  0.84359582  0.2500117   0.05393301 -0.1097697   0.89030702
 -0.20184817  0.06214019  0.06293015]
2023-12-18 14:03:07 INFO Iteration: 88
2023-12-18 14:03:07 INFO Loss function attained: 29093.10560163745
2023-12-18 14:03:07 INFO Mean Absolute Error attained: 152.13348416289594
2023-12-18 14:03:07 INFO Slope: [23.03444354  0.84327993  0.25380433  0.05705627 -0.10800161  0.88979634
 -0.20433387  0.06615789  0.06560284]
2023-12-18 14:03:07 INFO Iteration: 89
2023-12-18 14:03:07 INFO Loss function attained: 29093.258248891267
2023-12-18 14:03:07 INFO Mean Absolute Error attained: 152.13348416289594
2023-12-18 14:03:07 INFO Slope: [23.24657274  0.84296466  0.25758933  0.06017325 -0.10623708  0.88928666
 -0.20681456  0.07016751  0.06827015]
2023-12-18 14:03:07 INFO Iteration: 90
2023-12-18 14:03:07 INFO Loss function attained: 29093.41017590806
2023-12-18 14:03:07 INFO Mean Absolute Error attained: 152.13348416289597
2023-12-18 14:03:07 INFO Slope: [23.45785341  0.84264999  0.26136673  0.06328396 -0.10447612  0.88877797
 -0.20929027  0.07416907  0.07093209]
2023-12-18 14:03:07 INFO Iteration: 91
2023-12-18 14:03:07 INFO Loss function attained: 29093.561385564837
2023-12-18 14:03:07 INFO Mean Absolute Error attained: 152.1334841628959
2023-12-18 14:03:07 INFO Slope: [23.66828897  0.84233594  0.26513653  0.06638841 -0.10271869  0.88827027
 -0.211761    0.07816257  0.07358866]
2023-12-18 14:03:07 INFO Iteration: 92
2023-12-18 14:03:07 INFO Loss function attained: 29093.711880737235
2023-12-18 14:03:07 INFO Mean Absolute Error attained: 152.13348416289594
2023-12-18 14:03:07 INFO Slope: [23.87788278  0.8420225   0.26889874  0.06948661 -0.10096481  0.88776357
 -0.21422675  0.08214805  0.07623989]
2023-12-18 14:03:07 INFO Iteration: 93
2023-12-18 14:03:07 INFO Loss function attained: 29093.861664298776
2023-12-18 14:03:07 INFO Mean Absolute Error attained: 152.1334841628958
2023-12-18 14:03:07 INFO Slope: [24.08663822  0.84170967  0.2726534   0.07257859 -0.09921447  0.88725786
 -0.21668754  0.08612551  0.07888578]
2023-12-18 14:03:07 INFO Iteration: 94
2023-12-18 14:03:07 INFO Loss function attained: 29094.010739120407
2023-12-18 14:03:07 INFO Mean Absolute Error attained: 152.13348416289597
2023-12-18 14:03:07 INFO Slope: [24.29455863  0.84139745  0.2764005   0.07566434 -0.09746765  0.88675314
 -0.21914338  0.09009498  0.08152633]
2023-12-18 14:03:07 INFO Iteration: 95
2023-12-18 14:03:07 INFO Loss function attained: 29094.159108070067
2023-12-18 14:03:07 INFO Mean Absolute Error attained: 152.13348416289594
2023-12-18 14:03:07 INFO Slope: [24.50164737  0.84108583  0.28014007  0.07874389 -0.09572434  0.8862494
 -0.22159429  0.09405646  0.08416157]
2023-12-18 14:03:07 INFO Iteration: 96
2023-12-18 14:03:07 INFO Loss function attained: 29094.306774012235
2023-12-18 14:03:07 INFO Mean Absolute Error attained: 152.13348416289588
2023-12-18 14:03:07 INFO Slope: [24.70790775  0.84077482  0.28387212  0.08181724 -0.09398456  0.88574665
 -0.22404026  0.09800997  0.08679151]
2023-12-18 14:03:07 INFO Iteration: 97
2023-12-18 14:03:07 INFO Loss function attained: 29094.45373980745
2023-12-18 14:03:07 INFO Mean Absolute Error attained: 152.13348416289585
2023-12-18 14:03:07 INFO Slope: [24.91334308  0.84046442  0.28759666  0.08488441 -0.09224827  0.88524488
 -0.2264813   0.10195553  0.08941614]
2023-12-18 14:03:07 INFO Iteration: 98
2023-12-18 14:03:07 INFO Loss function attained: 29094.60000831188
2023-12-18 14:03:07 INFO Mean Absolute Error attained: 152.13348416289597
2023-12-18 14:03:07 INFO Slope: [25.11795668  0.84015462  0.29131372  0.08794542 -0.09051549  0.88474409
 -0.22891744  0.10589316  0.09203549]
2023-12-18 14:03:07 INFO Iteration: 99
2023-12-18 14:03:07 INFO Loss function attained: 29094.74558237713
2023-12-18 14:03:07 INFO Mean Absolute Error attained: 152.1334841628959
2023-12-18 14:03:07 INFO Slope: [25.32175182  0.83984542  0.2950233   0.09100026 -0.08878619  0.88424428
 -0.23134868  0.10982287  0.09464957]
